mode: set
echo-bot-chatgpt/aspireV3/study/golang/code-wars/8kui/total-amount-of-points/total-amount-of-points.go:7.33,11.30 4 1
echo-bot-chatgpt/aspireV3/study/golang/code-wars/8kui/total-amount-of-points/total-amount-of-points.go:11.30,16.44 3 1
echo-bot-chatgpt/aspireV3/study/golang/code-wars/8kui/total-amount-of-points/total-amount-of-points.go:16.44,18.4 1 1
echo-bot-chatgpt/aspireV3/study/golang/code-wars/8kui/total-amount-of-points/total-amount-of-points.go:19.3,19.44 1 1
echo-bot-chatgpt/aspireV3/study/golang/code-wars/8kui/total-amount-of-points/total-amount-of-points.go:19.44,21.4 1 1
echo-bot-chatgpt/aspireV3/study/golang/code-wars/8kui/total-amount-of-points/total-amount-of-points.go:23.3,23.10 1 1
echo-bot-chatgpt/aspireV3/study/golang/code-wars/8kui/total-amount-of-points/total-amount-of-points.go:24.20,25.17 1 1
echo-bot-chatgpt/aspireV3/study/golang/code-wars/8kui/total-amount-of-points/total-amount-of-points.go:26.21,27.17 1 1
echo-bot-chatgpt/aspireV3/study/golang/code-wars/8kui/total-amount-of-points/total-amount-of-points.go:31.2,31.17 1 1
