mode: set
echo-bot-chatgpt/code-wars/7kui/collatz-conjecture-length/collatz-conjecture-length.go:3.25,6.12 3 1
echo-bot-chatgpt/code-wars/7kui/collatz-conjecture-length/collatz-conjecture-length.go:6.12,7.10 1 1
echo-bot-chatgpt/code-wars/7kui/collatz-conjecture-length/collatz-conjecture-length.go:8.17,10.13 2 1
echo-bot-chatgpt/code-wars/7kui/collatz-conjecture-length/collatz-conjecture-length.go:11.17,13.13 2 1
echo-bot-chatgpt/code-wars/7kui/collatz-conjecture-length/collatz-conjecture-length.go:17.2,17.13 1 1
