mode: set
echo-bot-chatgpt/code-wars/8kui/reversed-words/reversed-words.go:7.38,11.29 4 1
echo-bot-chatgpt/code-wars/8kui/reversed-words/reversed-words.go:11.29,14.3 1 1
echo-bot-chatgpt/code-wars/8kui/reversed-words/reversed-words.go:15.2,15.39 1 1
echo-bot-chatgpt/code-wars/8kui/reversed-words/reversed-words.go:15.39,17.3 1 1
echo-bot-chatgpt/code-wars/8kui/reversed-words/reversed-words.go:18.2,20.15 2 1
echo-bot-chatgpt/code-wars/8kui/reversed-words/reversed-words.go:23.38,25.54 2 0
echo-bot-chatgpt/code-wars/8kui/reversed-words/reversed-words.go:25.54,27.3 1 0
echo-bot-chatgpt/code-wars/8kui/reversed-words/reversed-words.go:28.2,28.33 1 0
