mode: set
echo-bot-chatgpt/aspireV3/study/golang/code-wars/7kui/alphabet-symmetry/alphabet-symmetry.go:23.34,27.26 4 1
echo-bot-chatgpt/aspireV3/study/golang/code-wars/7kui/alphabet-symmetry/alphabet-symmetry.go:27.26,29.3 1 1
echo-bot-chatgpt/aspireV3/study/golang/code-wars/7kui/alphabet-symmetry/alphabet-symmetry.go:31.2,31.36 1 1
echo-bot-chatgpt/aspireV3/study/golang/code-wars/7kui/alphabet-symmetry/alphabet-symmetry.go:31.36,32.31 1 1
echo-bot-chatgpt/aspireV3/study/golang/code-wars/7kui/alphabet-symmetry/alphabet-symmetry.go:32.31,33.27 1 1
echo-bot-chatgpt/aspireV3/study/golang/code-wars/7kui/alphabet-symmetry/alphabet-symmetry.go:33.27,35.5 1 1
echo-bot-chatgpt/aspireV3/study/golang/code-wars/7kui/alphabet-symmetry/alphabet-symmetry.go:37.3,38.12 2 1
echo-bot-chatgpt/aspireV3/study/golang/code-wars/7kui/alphabet-symmetry/alphabet-symmetry.go:40.2,40.15 1 1
