mode: set
echo-bot-chatgpt/aspireV3/study/golang/code-wars/8kui/CSV-representation-of-array/CSV-representation-of-array.go:7.38,9.26 2 1
echo-bot-chatgpt/aspireV3/study/golang/code-wars/8kui/CSV-representation-of-array/CSV-representation-of-array.go:9.26,10.26 1 1
echo-bot-chatgpt/aspireV3/study/golang/code-wars/8kui/CSV-representation-of-array/CSV-representation-of-array.go:10.26,12.4 1 1
echo-bot-chatgpt/aspireV3/study/golang/code-wars/8kui/CSV-representation-of-array/CSV-representation-of-array.go:13.3,14.17 2 1
echo-bot-chatgpt/aspireV3/study/golang/code-wars/8kui/CSV-representation-of-array/CSV-representation-of-array.go:16.2,17.15 2 1
