mode: set
echo-bot-chatgpt/aspireV3/study/golang/code-wars/7kui/alternate-capitalization/alternate-capitalization.go:3.37,7.23 4 1
echo-bot-chatgpt/aspireV3/study/golang/code-wars/7kui/alternate-capitalization/alternate-capitalization.go:7.23,8.15 1 1
echo-bot-chatgpt/aspireV3/study/golang/code-wars/7kui/alternate-capitalization/alternate-capitalization.go:8.15,11.4 2 1
echo-bot-chatgpt/aspireV3/study/golang/code-wars/7kui/alternate-capitalization/alternate-capitalization.go:12.3,12.15 1 1
echo-bot-chatgpt/aspireV3/study/golang/code-wars/7kui/alternate-capitalization/alternate-capitalization.go:12.15,15.4 2 1
echo-bot-chatgpt/aspireV3/study/golang/code-wars/7kui/alternate-capitalization/alternate-capitalization.go:17.2,19.15 2 1
