mode: set
echo-bot-chatgpt/aspireV3/study/golang/code-wars/8kui/convert-number-to-reversed-array-of-digits/convert-number-to-reversed-array-of-digits.go:7.28,13.27 5 1
echo-bot-chatgpt/aspireV3/study/golang/code-wars/8kui/convert-number-to-reversed-array-of-digits/convert-number-to-reversed-array-of-digits.go:13.27,15.3 1 1
echo-bot-chatgpt/aspireV3/study/golang/code-wars/8kui/convert-number-to-reversed-array-of-digits/convert-number-to-reversed-array-of-digits.go:17.2,17.31 1 1
echo-bot-chatgpt/aspireV3/study/golang/code-wars/8kui/convert-number-to-reversed-array-of-digits/convert-number-to-reversed-array-of-digits.go:17.31,18.46 1 1
echo-bot-chatgpt/aspireV3/study/golang/code-wars/8kui/convert-number-to-reversed-array-of-digits/convert-number-to-reversed-array-of-digits.go:18.46,20.4 1 1
echo-bot-chatgpt/aspireV3/study/golang/code-wars/8kui/convert-number-to-reversed-array-of-digits/convert-number-to-reversed-array-of-digits.go:23.2,23.42 1 1
echo-bot-chatgpt/aspireV3/study/golang/code-wars/8kui/convert-number-to-reversed-array-of-digits/convert-number-to-reversed-array-of-digits.go:23.42,25.3 1 1
echo-bot-chatgpt/aspireV3/study/golang/code-wars/8kui/convert-number-to-reversed-array-of-digits/convert-number-to-reversed-array-of-digits.go:26.2,26.15 1 1
echo-bot-chatgpt/aspireV3/study/golang/code-wars/8kui/convert-number-to-reversed-array-of-digits/convert-number-to-reversed-array-of-digits.go:29.34,31.6 2 0
echo-bot-chatgpt/aspireV3/study/golang/code-wars/8kui/convert-number-to-reversed-array-of-digits/convert-number-to-reversed-array-of-digits.go:31.6,34.13 3 0
echo-bot-chatgpt/aspireV3/study/golang/code-wars/8kui/convert-number-to-reversed-array-of-digits/convert-number-to-reversed-array-of-digits.go:34.13,36.4 1 0
