mode: set
echo-bot-chatgpt/code-wars/8kui/sum-of-mixed-array/sum-of-mixed-array.go:7.28,10.24 3 1
echo-bot-chatgpt/code-wars/8kui/sum-of-mixed-array/sum-of-mixed-array.go:10.24,11.24 1 1
echo-bot-chatgpt/code-wars/8kui/sum-of-mixed-array/sum-of-mixed-array.go:12.12,13.12 1 1
echo-bot-chatgpt/code-wars/8kui/sum-of-mixed-array/sum-of-mixed-array.go:14.15,15.30 1 1
echo-bot-chatgpt/code-wars/8kui/sum-of-mixed-array/sum-of-mixed-array.go:18.2,18.27 1 1
echo-bot-chatgpt/code-wars/8kui/sum-of-mixed-array/sum-of-mixed-array.go:18.27,21.3 2 1
echo-bot-chatgpt/code-wars/8kui/sum-of-mixed-array/sum-of-mixed-array.go:22.2,22.12 1 1
