mode: set
echo-bot-chatgpt/code-wars/8kui/is-it-a-palindrome/is-it-a-palindrome.go:7.36,9.9 2 1
echo-bot-chatgpt/code-wars/8kui/is-it-a-palindrome/is-it-a-palindrome.go:10.21,11.14 1 0
echo-bot-chatgpt/code-wars/8kui/is-it-a-palindrome/is-it-a-palindrome.go:12.21,13.14 1 1
echo-bot-chatgpt/code-wars/8kui/is-it-a-palindrome/is-it-a-palindrome.go:14.23,18.33 3 1
echo-bot-chatgpt/code-wars/8kui/is-it-a-palindrome/is-it-a-palindrome.go:18.33,19.24 1 1
echo-bot-chatgpt/code-wars/8kui/is-it-a-palindrome/is-it-a-palindrome.go:19.24,21.5 1 0
echo-bot-chatgpt/code-wars/8kui/is-it-a-palindrome/is-it-a-palindrome.go:23.23,26.33 3 1
echo-bot-chatgpt/code-wars/8kui/is-it-a-palindrome/is-it-a-palindrome.go:26.33,27.24 1 1
echo-bot-chatgpt/code-wars/8kui/is-it-a-palindrome/is-it-a-palindrome.go:27.24,29.5 1 1
echo-bot-chatgpt/code-wars/8kui/is-it-a-palindrome/is-it-a-palindrome.go:32.2,32.13 1 1
