mode: set
echo-bot-chatgpt/aspireV3/study/golang/code-wars/7kui/sum-even-fibonacci-numbers/sum-even-fibonacci-numbers.go:3.38,9.32 6 1
echo-bot-chatgpt/aspireV3/study/golang/code-wars/7kui/sum-even-fibonacci-numbers/sum-even-fibonacci-numbers.go:9.32,14.3 4 1
echo-bot-chatgpt/aspireV3/study/golang/code-wars/7kui/sum-even-fibonacci-numbers/sum-even-fibonacci-numbers.go:15.2,16.26 2 1
echo-bot-chatgpt/aspireV3/study/golang/code-wars/7kui/sum-even-fibonacci-numbers/sum-even-fibonacci-numbers.go:16.26,17.15 1 1
echo-bot-chatgpt/aspireV3/study/golang/code-wars/7kui/sum-even-fibonacci-numbers/sum-even-fibonacci-numbers.go:17.15,19.4 1 1
echo-bot-chatgpt/aspireV3/study/golang/code-wars/7kui/sum-even-fibonacci-numbers/sum-even-fibonacci-numbers.go:21.2,21.15 1 1
