mode: set
echo-bot-chatgpt/code-wars/7kui/cryptanalysis-word-patterns/cryptanalysis-word-patterns.go:8.38,14.28 5 1
echo-bot-chatgpt/code-wars/7kui/cryptanalysis-word-patterns/cryptanalysis-word-patterns.go:14.28,16.27 2 1
echo-bot-chatgpt/code-wars/7kui/cryptanalysis-word-patterns/cryptanalysis-word-patterns.go:16.27,17.17 1 1
echo-bot-chatgpt/code-wars/7kui/cryptanalysis-word-patterns/cryptanalysis-word-patterns.go:17.17,19.5 1 1
echo-bot-chatgpt/code-wars/7kui/cryptanalysis-word-patterns/cryptanalysis-word-patterns.go:21.3,21.21 1 1
echo-bot-chatgpt/code-wars/7kui/cryptanalysis-word-patterns/cryptanalysis-word-patterns.go:21.21,24.4 2 1
echo-bot-chatgpt/code-wars/7kui/cryptanalysis-word-patterns/cryptanalysis-word-patterns.go:26.2,26.25 1 1
echo-bot-chatgpt/code-wars/7kui/cryptanalysis-word-patterns/cryptanalysis-word-patterns.go:26.25,27.29 1 1
echo-bot-chatgpt/code-wars/7kui/cryptanalysis-word-patterns/cryptanalysis-word-patterns.go:27.29,28.16 1 1
echo-bot-chatgpt/code-wars/7kui/cryptanalysis-word-patterns/cryptanalysis-word-patterns.go:28.16,30.10 2 1
echo-bot-chatgpt/code-wars/7kui/cryptanalysis-word-patterns/cryptanalysis-word-patterns.go:34.2,34.29 1 1
echo-bot-chatgpt/code-wars/7kui/cryptanalysis-word-patterns/cryptanalysis-word-patterns.go:34.29,36.3 1 1
echo-bot-chatgpt/code-wars/7kui/cryptanalysis-word-patterns/cryptanalysis-word-patterns.go:37.2,37.31 1 1
